Removed Pin From Net: NetName=ToF1_INT Pin=U2_DS-1
Removed Pin From Net: NetName=ToF2_INT Pin=U2_FS-1
Added Component: Designator=P1_DS(test pad)
Added Component: Designator=P1_FS(test pad)
Added Component: Designator=P2_DS(test pad)
Added Component: Designator=P2_FS(test pad)
Added Component: Designator=P3_DS(test pad)
Added Component: Designator=P3_FS(test pad)
Added Component: Designator=P4_DS(test pad)
Added Component: Designator=P4_FS(test pad)
Added Pin To Net: NetName=3V3_LN Pin=P1_DS-1
Added Pin To Net: NetName=3V3_LN Pin=P1_FS-1
Added Pin To Net: NetName=1V8_LN Pin=P2_DS-1
Added Pin To Net: NetName=1V8_LN Pin=P2_FS-1
Added Pin To Net: NetName=1V8 Pin=P3_DS-1
Added Pin To Net: NetName=1V8 Pin=P3_FS-1
Added Pin To Net: NetName=3V3 Pin=P4_DS-1
Added Pin To Net: NetName=3V3 Pin=P4_FS-1
Added Member To Class: ClassName=DS Member=Component P1_DS (P1) Test Pad
Added Member To Class: ClassName=FS Member=Component P1_FS (P1) Test Pad
Added Member To Class: ClassName=DS Member=Component P2_DS (P2) Test Pad
Added Member To Class: ClassName=FS Member=Component P2_FS (P2) Test Pad
Added Member To Class: ClassName=DS Member=Component P3_DS (P3) Test Pad
Added Member To Class: ClassName=FS Member=Component P3_FS (P3) Test Pad
Added Member To Class: ClassName=DS Member=Component P4_DS (P4) Test Pad
Added Member To Class: ClassName=FS Member=Component P4_FS (P4) Test Pad
