Removed Pin From Net: NetName=3V3 Pin=C6_DS-2
Removed Pin From Net: NetName=3V3 Pin=C6_FS-2
Removed Pin From Net: NetName=1V8 Pin=C9_DS-2
Removed Pin From Net: NetName=1V8 Pin=C9_FS-2
Removed Pin From Net: NetName=1V8 Pin=C16_DS-2
Removed Pin From Net: NetName=1V8 Pin=C16_FS-2
Removed Pin From Net: NetName=1V8 Pin=C19_DS-2
Removed Pin From Net: NetName=1V8 Pin=C19_FS-2
Removed Pin From Net: NetName=3V3 Pin=L1_DS-1
Removed Pin From Net: NetName=3V3 Pin=L1_FS-1
Removed Pin From Net: NetName=1V8 Pin=L2_DS-1
Removed Pin From Net: NetName=1V8 Pin=L2_FS-1
Removed Pin From Net: NetName=1V8 Pin=L3_DS-1
Removed Pin From Net: NetName=1V8 Pin=L3_FS-1
Removed Pin From Net: NetName=1V8 Pin=L4_DS-1
Removed Pin From Net: NetName=1V8 Pin=L4_FS-1
Removed Pin From Net: NetName=1V8 Pin=L5_DS-1
Removed Pin From Net: NetName=1V8 Pin=L5_FS-1
Removed Pin From Net: NetName=1V8 Pin=L6_DS-1
Removed Pin From Net: NetName=1V8 Pin=L6_FS-1
Added Pin To Net: NetName=1V8 Pin=C3-2
Added Pin To Net: NetName=1V8 Pin=C4-2
Added Pin To Net: NetName=3V3_LN Pin=C6_DS-2
Added Pin To Net: NetName=3V3_LN Pin=C6_FS-2
Added Pin To Net: NetName=1V8_LN Pin=C9_DS-2
Added Pin To Net: NetName=1V8_LN Pin=C9_FS-2
Added Pin To Net: NetName=1V8_LN Pin=C16_DS-2
Added Pin To Net: NetName=1V8_LN Pin=C16_FS-2
Added Pin To Net: NetName=1V8_LN Pin=C19_DS-2
Added Pin To Net: NetName=1V8_LN Pin=C19_FS-2
Added Pin To Net: NetName=1V8 Pin=C35-2
Added Pin To Net: NetName=3V3 Pin=C47-2
Added Pin To Net: NetName=3V3 Pin=C48-2
Added Pin To Net: NetName=3V3 Pin=C49-2
Added Pin To Net: NetName=1V8 Pin=IC2-3
Added Pin To Net: NetName=1V8 Pin=IC2-3
Added Pin To Net: NetName=1V8 Pin=IC2-3
Added Pin To Net: NetName=1V8 Pin=IC2-3
Added Pin To Net: NetName=1V8 Pin=IC2-3
Added Pin To Net: NetName=1V8 Pin=IC2-3
Added Pin To Net: NetName=1V8 Pin=IC2-3
Added Pin To Net: NetName=3V3 Pin=IC3-3
Added Pin To Net: NetName=3V3 Pin=IC3-3
Added Pin To Net: NetName=3V3 Pin=IC3-3
Added Pin To Net: NetName=3V3 Pin=IC3-3
Added Pin To Net: NetName=3V3 Pin=IC3-3
Added Pin To Net: NetName=3V3 Pin=IC3-3
Added Pin To Net: NetName=3V3 Pin=IC3-3
Added Pin To Net: NetName=3V3_LN Pin=L1_DS-1
Added Pin To Net: NetName=3V3_LN Pin=L1_FS-1
Added Pin To Net: NetName=1V8_LN Pin=L2_DS-1
Added Pin To Net: NetName=1V8_LN Pin=L2_FS-1
Added Pin To Net: NetName=1V8_LN Pin=L3_DS-1
Added Pin To Net: NetName=1V8_LN Pin=L3_FS-1
Added Pin To Net: NetName=1V8_LN Pin=L4_DS-1
Added Pin To Net: NetName=1V8_LN Pin=L4_FS-1
Added Pin To Net: NetName=1V8_LN Pin=L5_DS-1
Added Pin To Net: NetName=1V8_LN Pin=L5_FS-1
Added Pin To Net: NetName=1V8_LN Pin=L6_DS-1
Added Pin To Net: NetName=1V8_LN Pin=L6_FS-1
Added Pin To Net: NetName=1V8 Pin=L7-1
Added Pin To Net: NetName=3V3 Pin=L8-1
