Change Component Footprint: Designator=C43_OSC_D Old Footprint=CAP0402 New Footprint=CAP0201
Change Component Footprint: Designator=C43_OSC_F Old Footprint=CAP0402 New Footprint=CAP0201
Change Component Comment : Designator=C43_OSC_D Old Comment=C_GRM155R61E105KA12J New Comment=C_GRM033R70J103JA01D
Change Component Comment : Designator=C43_OSC_F Old Comment=C_GRM155R61E105KA12J New Comment=C_GRM033R70J103JA01D
Change Managed Component Library Link : Designator=C43_OSC_D Old VaultGUID=0A327715-E8C1-4FB8-86C5-4631851CD71A New VaultGUID=0A327715-E8C1-4FB8-86C5-4631851CD71A Old ItemGUID=B7052955-217B-457B-B5C3-680B49ACDC71 New ItemGUID=842975E1-CF00-48DB-8D99-9D842CC2D575 Old RevisionGUID=36FB9738-E3FB-416A-BB6B-19CF3C128D95 New RevisionGUID=9D651429-C347-4A9E-A4BE-401E033416BA
Change Managed Component Library Link : Designator=C43_OSC_F Old VaultGUID=0A327715-E8C1-4FB8-86C5-4631851CD71A New VaultGUID=0A327715-E8C1-4FB8-86C5-4631851CD71A Old ItemGUID=B7052955-217B-457B-B5C3-680B49ACDC71 New ItemGUID=842975E1-CF00-48DB-8D99-9D842CC2D575 Old RevisionGUID=36FB9738-E3FB-416A-BB6B-19CF3C128D95 New RevisionGUID=9D651429-C347-4A9E-A4BE-401E033416BA
Change component parameters: Designator = "C43_OSC_D" ("C43"); Footprint = "CAP0402"; UniqueID = "\ONTHLYWH\XLVJKNBO" ("\ONTHLYWH\XLVJKNBO")
Change component parameters (AddParameter): Name = "Applications"; Value = "General Purpose"; VariantName = "[No Variations]"
Change component parameters (AddParameter): Name = "Capacitor Type"; Value = ""; VariantName = "[No Variations]"
Change component parameters (AddParameter): Name = "Case Code (Metric)"; Value = ""; VariantName = "[No Variations]"
Change component parameters (AddParameter): Name = "Case/Package"; Value = ""; VariantName = "[No Variations]"
Change component parameters (AddParameter): Name = "Category"; Value = ""; VariantName = "[No Variations]"
Change component parameters (AddParameter): Name = "ComponentLink1Description"; Value = "Datasheet"; VariantName = "[No Variations]"
Change component parameters (AddParameter): Name = "ComponentLink1URL"; Value = "https://search.murata.co.jp/Ceramy/image/img/A01X/G101/ENG/GRM033R70J103JA01-01.pdf"; VariantName = "[No Variations]"
Change component parameters (AddParameter): Name = "ComponentLink2Description"; Value = "DigiKey Link"; VariantName = "[No Variations]"
Change component parameters (AddParameter): Name = "ComponentLink2URL"; Value = "http://digikey.com/product-detail/en/murata-electronics/GRM033R70J103JA01D/490-16599-1-ND/7595523"; VariantName = "[No Variations]"
Change component parameters (AddParameter): Name = "Composition"; Value = ""; VariantName = "[No Variations]"
Change component parameters (AddParameter): Name = "Construction"; Value = ""; VariantName = "[No Variations]"
Change component parameters (AddParameter): Name = "Design Item ID"; Value = "C_GRM033R70J103JA01D"; VariantName = "[No Variations]"
Change component parameters (AddParameter): Name = "Device Package"; Value = "0201 (0603 Metric)"; VariantName = "[No Variations]"
Change component parameters (AddParameter): Name = "Dielectric"; Value = ""; VariantName = "[No Variations]"
Change component parameters (AddParameter): Name = "Dielectric Material"; Value = ""; VariantName = "[No Variations]"
Change component parameters (AddParameter): Name = "Features"; Value = ""; VariantName = "[No Variations]"
Change component parameters (AddParameter): Name = "Height"; Value = ""; VariantName = "[No Variations]"
Change component parameters (AddParameter): Name = "Height - Seated (Max)"; Value = ""; VariantName = "[No Variations]"
Change component parameters (AddParameter): Name = "JESD-609 Code"; Value = ""; VariantName = "[No Variations]"
Change component parameters (AddParameter): Name = "LastUpdated"; Value = "02/09/2020 01:00:04"; VariantName = "[No Variations]"
Change component parameters (AddParameter): Name = "Length"; Value = ""; VariantName = "[No Variations]"
Change component parameters (AddParameter): Name = "Lifecycle Status"; Value = "Active"; VariantName = "[No Variations]"
Change component parameters (AddParameter): Name = "Manufacturer"; Value = "Murata Electronics"; VariantName = "[No Variations]"
Change component parameters (AddParameter): Name = "Manufacturer Part Number"; Value = ""; VariantName = "[No Variations]"
Change component parameters (AddParameter): Name = "Max Operating Temperature"; Value = ""; VariantName = "[No Variations]"
Change component parameters (AddParameter): Name = "Min Operating Temperature"; Value = ""; VariantName = "[No Variations]"
Change component parameters (AddParameter): Name = "Minimum Order"; Value = "1"; VariantName = "[No Variations]"
Change component parameters (AddParameter): Name = "Mount"; Value = ""; VariantName = "[No Variations]"
Change component parameters (AddParameter): Name = "Mounting Type"; Value = "Surface Mount, MLCC"; VariantName = "[No Variations]"
Change component parameters (AddParameter): Name = "Multilayer"; Value = ""; VariantName = "[No Variations]"
Change component parameters (AddParameter): Name = "Negative Tolerance"; Value = ""; VariantName = "[No Variations]"
Change component parameters (AddParameter): Name = "Number of Terminations"; Value = ""; VariantName = "[No Variations]"
Change component parameters (AddParameter): Name = "Operating Temperature"; Value = "-55°C ~ 125°C"; VariantName = "[No Variations]"
Change component parameters (AddParameter): Name = "Package / Case"; Value = "0201 (0603 Metric)"; VariantName = "[No Variations]"
Change component parameters (AddParameter): Name = "Package Height"; Value = ""; VariantName = "[No Variations]"
Change component parameters (AddParameter): Name = "Package Length"; Value = ""; VariantName = "[No Variations]"
Change component parameters (AddParameter): Name = "Package Shape"; Value = ""; VariantName = "[No Variations]"
Change component parameters (AddParameter): Name = "Package Style"; Value = ""; VariantName = "[No Variations]"
Change component parameters (AddParameter): Name = "Package Width"; Value = ""; VariantName = "[No Variations]"
Change component parameters (AddParameter): Name = "Packaging"; Value = "CutTape"; VariantName = "[No Variations]"
Change component parameters (AddParameter): Name = "Part Number"; Value = "GRM033R70J103JA01D"; VariantName = "[No Variations]"
Change component parameters (AddParameter): Name = "Part Status"; Value = "Active"; VariantName = "[No Variations]"
Change component parameters (AddParameter): Name = "PartId"; Value = "174"; VariantName = "[No Variations]"
Change component parameters (AddParameter): Name = "Pins"; Value = ""; VariantName = "[No Variations]"
Change component parameters (AddParameter): Name = "Positive Tolerance"; Value = ""; VariantName = "[No Variations]"
Change component parameters (AddParameter): Name = "Power (Watts)"; Value = ""; VariantName = "[No Variations]"
Change component parameters (AddParameter): Name = "Price"; Value = "0.10"; VariantName = "[No Variations]"
Change component parameters (AddParameter): Name = "Pricing 1"; Value = ""; VariantName = "[No Variations]"
Change component parameters (AddParameter): Name = "Pricing 2"; Value = ""; VariantName = "[No Variations]"
Change component parameters (AddParameter): Name = "Pricing 3"; Value = ""; VariantName = "[No Variations]"
Change component parameters (AddParameter): Name = "Rated DC Voltage (URdc)"; Value = ""; VariantName = "[No Variations]"
Change component parameters (AddParameter): Name = "Rated Power Dissipation (P)"; Value = ""; VariantName = "[No Variations]"
Change component parameters (AddParameter): Name = "Rated Temperature"; Value = ""; VariantName = "[No Variations]"
Change component parameters (AddParameter): Name = "Ratings"; Value = ""; VariantName = "[No Variations]"
Change component parameters (AddParameter): Name = "REACH SVHC"; Value = ""; VariantName = "[No Variations]"
Change component parameters (AddParameter): Name = "Reach SVHC Compliant"; Value = ""; VariantName = "[No Variations]"
Change component parameters (AddParameter): Name = "Reference Standard"; Value = ""; VariantName = "[No Variations]"
Change component parameters (AddParameter): Name = "Resistance"; Value = ""; VariantName = "[No Variations]"
Change component parameters (AddParameter): Name = "Resistor Type"; Value = ""; VariantName = "[No Variations]"
Change component parameters (AddParameter): Name = "RoHS"; Value = ""; VariantName = "[No Variations]"
Change component parameters (AddParameter): Name = "RoHS Compliant"; Value = ""; VariantName = "[No Variations]"
Change component parameters (AddParameter): Name = "Series"; Value = "GRM"; VariantName = "[No Variations]"
Change component parameters (AddParameter): Name = "Size / Dimension"; Value = "0.024" L x 0.012" W (0.60mm x 0.30mm)"; VariantName = "[No Variations]"
Change component parameters (AddParameter): Name = "Size Code"; Value = ""; VariantName = "[No Variations]"
Change component parameters (AddParameter): Name = "Source"; Value = "schuluka.SchLib"; VariantName = "[No Variations]"
Change component parameters (AddParameter): Name = "Stock 1"; Value = ""; VariantName = "[No Variations]"
Change component parameters (AddParameter): Name = "Stock 2"; Value = ""; VariantName = "[No Variations]"
Change component parameters (AddParameter): Name = "Stock 3"; Value = ""; VariantName = "[No Variations]"
Change component parameters (AddParameter): Name = "Supplier Device Package"; Value = ""; VariantName = "[No Variations]"
Change component parameters (AddParameter): Name = "Technology"; Value = ""; VariantName = "[No Variations]"
Change component parameters (AddParameter): Name = "Temperature Characteristics Code"; Value = ""; VariantName = "[No Variations]"
Change component parameters (AddParameter): Name = "Temperature Coefficient"; Value = "X7R"; VariantName = "[No Variations]"
Change component parameters (AddParameter): Name = "Terminal Finish"; Value = ""; VariantName = "[No Variations]"
Change component parameters (AddParameter): Name = "Termination"; Value = ""; VariantName = "[No Variations]"
Change component parameters (AddParameter): Name = "Thickness"; Value = ""; VariantName = "[No Variations]"
Change component parameters (AddParameter): Name = "Thickness (Max)"; Value = "0.013" (0.33mm)"; VariantName = "[No Variations]"
Change component parameters (AddParameter): Name = "Tolerance"; Value = "5%"; VariantName = "[No Variations]"
Change component parameters (AddParameter): Name = "Value"; Value = "10nF"; VariantName = "[No Variations]"
Change component parameters (AddParameter): Name = "Voltage - Rated"; Value = "6.3V"; VariantName = "[No Variations]"
Change component parameters (AddParameter): Name = "Voltage Rating"; Value = ""; VariantName = "[No Variations]"
Change component parameters (AddParameter): Name = "Voltage Rating (DC)"; Value = ""; VariantName = "[No Variations]"
Change component parameters (AddParameter): Name = "Width"; Value = ""; VariantName = "[No Variations]"
Change component parameters (AddParameter): Name = "Working Voltage"; Value = ""; VariantName = "[No Variations]"
Change component parameters: Designator = "C43_OSC_F" ("C43"); Footprint = "CAP0402"; UniqueID = "\CUCMCROZ\XLVJKNBO" ("\CUCMCROZ\XLVJKNBO")
Change component parameters (AddParameter): Name = "Applications"; Value = "General Purpose"; VariantName = "[No Variations]"
Change component parameters (AddParameter): Name = "Capacitor Type"; Value = ""; VariantName = "[No Variations]"
Change component parameters (AddParameter): Name = "Case Code (Metric)"; Value = ""; VariantName = "[No Variations]"
Change component parameters (AddParameter): Name = "Case/Package"; Value = ""; VariantName = "[No Variations]"
Change component parameters (AddParameter): Name = "Category"; Value = ""; VariantName = "[No Variations]"
Change component parameters (AddParameter): Name = "ComponentLink1Description"; Value = "Datasheet"; VariantName = "[No Variations]"
Change component parameters (AddParameter): Name = "ComponentLink1URL"; Value = "https://search.murata.co.jp/Ceramy/image/img/A01X/G101/ENG/GRM033R70J103JA01-01.pdf"; VariantName = "[No Variations]"
Change component parameters (AddParameter): Name = "ComponentLink2Description"; Value = "DigiKey Link"; VariantName = "[No Variations]"
Change component parameters (AddParameter): Name = "ComponentLink2URL"; Value = "http://digikey.com/product-detail/en/murata-electronics/GRM033R70J103JA01D/490-16599-1-ND/7595523"; VariantName = "[No Variations]"
Change component parameters (AddParameter): Name = "Composition"; Value = ""; VariantName = "[No Variations]"
Change component parameters (AddParameter): Name = "Construction"; Value = ""; VariantName = "[No Variations]"
Change component parameters (AddParameter): Name = "Design Item ID"; Value = "C_GRM033R70J103JA01D"; VariantName = "[No Variations]"
Change component parameters (AddParameter): Name = "Device Package"; Value = "0201 (0603 Metric)"; VariantName = "[No Variations]"
Change component parameters (AddParameter): Name = "Dielectric"; Value = ""; VariantName = "[No Variations]"
Change component parameters (AddParameter): Name = "Dielectric Material"; Value = ""; VariantName = "[No Variations]"
Change component parameters (AddParameter): Name = "Features"; Value = ""; VariantName = "[No Variations]"
Change component parameters (AddParameter): Name = "Height"; Value = ""; VariantName = "[No Variations]"
Change component parameters (AddParameter): Name = "Height - Seated (Max)"; Value = ""; VariantName = "[No Variations]"
Change component parameters (AddParameter): Name = "JESD-609 Code"; Value = ""; VariantName = "[No Variations]"
Change component parameters (AddParameter): Name = "LastUpdated"; Value = "02/09/2020 01:00:04"; VariantName = "[No Variations]"
Change component parameters (AddParameter): Name = "Length"; Value = ""; VariantName = "[No Variations]"
Change component parameters (AddParameter): Name = "Lifecycle Status"; Value = "Active"; VariantName = "[No Variations]"
Change component parameters (AddParameter): Name = "Manufacturer"; Value = "Murata Electronics"; VariantName = "[No Variations]"
Change component parameters (AddParameter): Name = "Manufacturer Part Number"; Value = ""; VariantName = "[No Variations]"
Change component parameters (AddParameter): Name = "Max Operating Temperature"; Value = ""; VariantName = "[No Variations]"
Change component parameters (AddParameter): Name = "Min Operating Temperature"; Value = ""; VariantName = "[No Variations]"
Change component parameters (AddParameter): Name = "Minimum Order"; Value = "1"; VariantName = "[No Variations]"
Change component parameters (AddParameter): Name = "Mount"; Value = ""; VariantName = "[No Variations]"
Change component parameters (AddParameter): Name = "Mounting Type"; Value = "Surface Mount, MLCC"; VariantName = "[No Variations]"
Change component parameters (AddParameter): Name = "Multilayer"; Value = ""; VariantName = "[No Variations]"
Change component parameters (AddParameter): Name = "Negative Tolerance"; Value = ""; VariantName = "[No Variations]"
Change component parameters (AddParameter): Name = "Number of Terminations"; Value = ""; VariantName = "[No Variations]"
Change component parameters (AddParameter): Name = "Operating Temperature"; Value = "-55°C ~ 125°C"; VariantName = "[No Variations]"
Change component parameters (AddParameter): Name = "Package / Case"; Value = "0201 (0603 Metric)"; VariantName = "[No Variations]"
Change component parameters (AddParameter): Name = "Package Height"; Value = ""; VariantName = "[No Variations]"
Change component parameters (AddParameter): Name = "Package Length"; Value = ""; VariantName = "[No Variations]"
Change component parameters (AddParameter): Name = "Package Shape"; Value = ""; VariantName = "[No Variations]"
Change component parameters (AddParameter): Name = "Package Style"; Value = ""; VariantName = "[No Variations]"
Change component parameters (AddParameter): Name = "Package Width"; Value = ""; VariantName = "[No Variations]"
Change component parameters (AddParameter): Name = "Packaging"; Value = "CutTape"; VariantName = "[No Variations]"
Change component parameters (AddParameter): Name = "Part Number"; Value = "GRM033R70J103JA01D"; VariantName = "[No Variations]"
Change component parameters (AddParameter): Name = "Part Status"; Value = "Active"; VariantName = "[No Variations]"
Change component parameters (AddParameter): Name = "PartId"; Value = "174"; VariantName = "[No Variations]"
Change component parameters (AddParameter): Name = "Pins"; Value = ""; VariantName = "[No Variations]"
Change component parameters (AddParameter): Name = "Positive Tolerance"; Value = ""; VariantName = "[No Variations]"
Change component parameters (AddParameter): Name = "Power (Watts)"; Value = ""; VariantName = "[No Variations]"
Change component parameters (AddParameter): Name = "Price"; Value = "0.10"; VariantName = "[No Variations]"
Change component parameters (AddParameter): Name = "Pricing 1"; Value = ""; VariantName = "[No Variations]"
Change component parameters (AddParameter): Name = "Pricing 2"; Value = ""; VariantName = "[No Variations]"
Change component parameters (AddParameter): Name = "Pricing 3"; Value = ""; VariantName = "[No Variations]"
Change component parameters (AddParameter): Name = "Rated DC Voltage (URdc)"; Value = ""; VariantName = "[No Variations]"
Change component parameters (AddParameter): Name = "Rated Power Dissipation (P)"; Value = ""; VariantName = "[No Variations]"
Change component parameters (AddParameter): Name = "Rated Temperature"; Value = ""; VariantName = "[No Variations]"
Change component parameters (AddParameter): Name = "Ratings"; Value = ""; VariantName = "[No Variations]"
Change component parameters (AddParameter): Name = "REACH SVHC"; Value = ""; VariantName = "[No Variations]"
Change component parameters (AddParameter): Name = "Reach SVHC Compliant"; Value = ""; VariantName = "[No Variations]"
Change component parameters (AddParameter): Name = "Reference Standard"; Value = ""; VariantName = "[No Variations]"
Change component parameters (AddParameter): Name = "Resistance"; Value = ""; VariantName = "[No Variations]"
Change component parameters (AddParameter): Name = "Resistor Type"; Value = ""; VariantName = "[No Variations]"
Change component parameters (AddParameter): Name = "RoHS"; Value = ""; VariantName = "[No Variations]"
Change component parameters (AddParameter): Name = "RoHS Compliant"; Value = ""; VariantName = "[No Variations]"
Change component parameters (AddParameter): Name = "Series"; Value = "GRM"; VariantName = "[No Variations]"
Change component parameters (AddParameter): Name = "Size / Dimension"; Value = "0.024" L x 0.012" W (0.60mm x 0.30mm)"; VariantName = "[No Variations]"
Change component parameters (AddParameter): Name = "Size Code"; Value = ""; VariantName = "[No Variations]"
Change component parameters (AddParameter): Name = "Source"; Value = "schuluka.SchLib"; VariantName = "[No Variations]"
Change component parameters (AddParameter): Name = "Stock 1"; Value = ""; VariantName = "[No Variations]"
Change component parameters (AddParameter): Name = "Stock 2"; Value = ""; VariantName = "[No Variations]"
Change component parameters (AddParameter): Name = "Stock 3"; Value = ""; VariantName = "[No Variations]"
Change component parameters (AddParameter): Name = "Supplier Device Package"; Value = ""; VariantName = "[No Variations]"
Change component parameters (AddParameter): Name = "Technology"; Value = ""; VariantName = "[No Variations]"
Change component parameters (AddParameter): Name = "Temperature Characteristics Code"; Value = ""; VariantName = "[No Variations]"
Change component parameters (AddParameter): Name = "Temperature Coefficient"; Value = "X7R"; VariantName = "[No Variations]"
Change component parameters (AddParameter): Name = "Terminal Finish"; Value = ""; VariantName = "[No Variations]"
Change component parameters (AddParameter): Name = "Termination"; Value = ""; VariantName = "[No Variations]"
Change component parameters (AddParameter): Name = "Thickness"; Value = ""; VariantName = "[No Variations]"
Change component parameters (AddParameter): Name = "Thickness (Max)"; Value = "0.013" (0.33mm)"; VariantName = "[No Variations]"
Change component parameters (AddParameter): Name = "Tolerance"; Value = "5%"; VariantName = "[No Variations]"
Change component parameters (AddParameter): Name = "Value"; Value = "10nF"; VariantName = "[No Variations]"
Change component parameters (AddParameter): Name = "Voltage - Rated"; Value = "6.3V"; VariantName = "[No Variations]"
Change component parameters (AddParameter): Name = "Voltage Rating"; Value = ""; VariantName = "[No Variations]"
Change component parameters (AddParameter): Name = "Voltage Rating (DC)"; Value = ""; VariantName = "[No Variations]"
Change component parameters (AddParameter): Name = "Width"; Value = ""; VariantName = "[No Variations]"
Change component parameters (AddParameter): Name = "Working Voltage"; Value = ""; VariantName = "[No Variations]"
