Added Component: Designator=R8_OSC_D(RESC1005X40X25LL05T10)
Add component (AddParameter): Name = "Manufacturer"; Value = "Yageo / Phycomp"; VariantName = "[No Variations]"
Add component (AddParameter): Name = "Part Number"; Value = "RC0402FR-07150RL"; VariantName = "[No Variations]"
Added Component: Designator=R8_OSC_F(RESC1005X40X25LL05T10)
Add component (AddParameter): Name = "Manufacturer"; Value = "Yageo / Phycomp"; VariantName = "[No Variations]"
Add component (AddParameter): Name = "Part Number"; Value = "RC0402FR-07150RL"; VariantName = "[No Variations]"
Added Pin To Net: NetName=NetR8_OSC_D_1 Pin=R8_OSC_D-1
Added Pin To Net: NetName=NetR8_OSC_D_1 Pin=Y1_OSC_D-3
Added Net: Name=NetR8_OSC_D_1
Added Pin To Net: NetName=NetR8_OSC_D_2 Pin=R8_OSC_D-2
Added Pin To Net: NetName=NetR8_OSC_D_2 Pin=U1_DS-M4
Added Net: Name=NetR8_OSC_D_2
Added Pin To Net: NetName=NetR8_OSC_F_1 Pin=R8_OSC_F-1
Added Pin To Net: NetName=NetR8_OSC_F_1 Pin=Y1_OSC_F-3
Added Net: Name=NetR8_OSC_F_1
Added Pin To Net: NetName=NetR8_OSC_F_2 Pin=R8_OSC_F-2
Added Pin To Net: NetName=NetR8_OSC_F_2 Pin=U1_FS-M4
Added Net: Name=NetR8_OSC_F_2
Added Member To Class: ClassName=OSC_D Member=Component R8_OSC_D (R8) RC0402FR-07150RL
Added Member To Class: ClassName=OSC_F Member=Component R8_OSC_F (R8) RC0402FR-07150RL
Added Rule: Name=MaxMinWidth_77
Added Rule: Name=MaxMinWidth_78
Added Rule: Name=MaxMinWidth_79
