Removed Pin From Net: NetName=GND_D Pin=C14_D-1
Removed Pin From Net: NetName=GND_F Pin=C14_F-1
Removed Pin From Net: NetName=1V8_F Pin=C14_F-2
Removed Pin From Net: NetName=GND_D Pin=C15_D-1
Removed Pin From Net: NetName=GND_F Pin=C15_F-1
Removed Pin From Net: NetName=1V8_F Pin=C15_F-2
Removed Pin From Net: NetName=NRST Pin=IC1-7
Removed Pin From Net: NetName=ToF1_SYNC Pin=IC1-42
Removed Pin From Net: NetName=1V8_F Pin=SB1_F-2
Removed Pin From Net: NetName=GND_D Pin=Y1_D-2
Removed Pin From Net: NetName=GND_F Pin=Y1_F-2
Removed Pin From Net: NetName=1V8_F Pin=Y1_F-4
Removed Member From Class: ClassName=D Member=C14_D
Removed Member From Class: ClassName=F Member=C14_F
Removed Member From Class: ClassName=D Member=C15_D
Removed Member From Class: ClassName=F Member=C15_F
Removed Member From Class: ClassName=D Member=SB1_D
Removed Member From Class: ClassName=F Member=SB1_F
Removed Member From Class: ClassName=D Member=Y1_D
Removed Member From Class: ClassName=F Member=Y1_F
Added Component: Designator=C?(CAP0402)
Add component (AddParameter): Name = "Applications"; Value = ""; VariantName = "[No Variations]"
Add component (AddParameter): Name = "Capacitor Type"; Value = "Ceramic"; VariantName = "[No Variations]"
Add component (AddParameter): Name = "Case Code (Metric)"; Value = "0603"; VariantName = "[No Variations]"
Add component (AddParameter): Name = "Case/Package"; Value = "0201"; VariantName = "[No Variations]"
Add component (AddParameter): Name = "Category"; Value = "Ceramic Capacitors"; VariantName = "[No Variations]"
Add component (AddParameter): Name = "ComponentLink1Description"; Value = "http://search.murata.co.jp/Ceramy/image/img/A01X/G101/ENG/GRM033R61A105ME15-01.pdf?src-supplier=Digi-Key"; VariantName = "[No Variations]"
Add component (AddParameter): Name = "ComponentLink1URL"; Value = "http://search.murata.co.jp/Ceramy/image/img/A01X/G101/ENG/GRM033R61A105ME15-01.pdf?src-supplier=Digi-Key"; VariantName = "[No Variations]"
Add component (AddParameter): Name = "ComponentLink2Description"; Value = "https://datasheet.ciiva.com:443/pdfs/VipMasterIC/IC/MURE/MURE-S-A0004362469/MURE-S-A0004364524-1.pdf?src-supplier=IHS+Markit"; VariantName = "[No Variations]"
Add component (AddParameter): Name = "ComponentLink2URL"; Value = "https://datasheet.ciiva.com:443/pdfs/VipMasterIC/IC/MURE/MURE-S-A0004362469/MURE-S-A0004364524-1.pdf?src-supplier=IHS+Markit"; VariantName = "[No Variations]"
Add component (AddParameter): Name = "ComponentLink3Description"; Value = "http://search.murata.co.jp/Ceramy/image/img/A01X/G101/ENG/GRM155R61E105KA12-01.pdf?src-supplier=Digi-Key"; VariantName = "[No Variations]"
Add component (AddParameter): Name = "ComponentLink3URL"; Value = "http://search.murata.co.jp/Ceramy/image/img/A01X/G101/ENG/GRM155R61E105KA12-01.pdf?src-supplier=Digi-Key"; VariantName = "[No Variations]"
Add component (AddParameter): Name = "Composition"; Value = ""; VariantName = "[No Variations]"
Add component (AddParameter): Name = "Construction"; Value = ""; VariantName = "[No Variations]"
Add component (AddParameter): Name = "Design Item ID"; Value = "C_GRM155R61E105KA12J"; VariantName = "[No Variations]"
Add component (AddParameter): Name = "Device Package"; Value = ""; VariantName = "[No Variations]"
Add component (AddParameter): Name = "Dielectric"; Value = "X5R"; VariantName = "[No Variations]"
Add component (AddParameter): Name = "Dielectric Material"; Value = "Ceramic"; VariantName = "[No Variations]"
Add component (AddParameter): Name = "Features"; Value = ""; VariantName = "[No Variations]"
Add component (AddParameter): Name = "Height"; Value = "0.5mm"; VariantName = "[No Variations]"
Add component (AddParameter): Name = "Height - Seated (Max)"; Value = ""; VariantName = "[No Variations]"
Add component (AddParameter): Name = "JESD-609 Code"; Value = "e3"; VariantName = "[No Variations]"
Add component (AddParameter): Name = "LastUpdated"; Value = ""; VariantName = "[No Variations]"
Add component (AddParameter): Name = "Length"; Value = "0.024inch"; VariantName = "[No Variations]"
Add component (AddParameter): Name = "Lifecycle Status"; Value = ""; VariantName = "[No Variations]"
Add component (AddParameter): Name = "Manufacturer"; Value = "Murata"; VariantName = "[No Variations]"
Add component (AddParameter): Name = "Manufacturer Part Number"; Value = "GRM033R61A105ME15D"; VariantName = "[No Variations]"
Add component (AddParameter): Name = "Max Operating Temperature"; Value = "85°C"; VariantName = "[No Variations]"
Add component (AddParameter): Name = "Min Operating Temperature"; Value = "-55°C"; VariantName = "[No Variations]"
Add component (AddParameter): Name = "Minimum Order"; Value = ""; VariantName = "[No Variations]"
Add component (AddParameter): Name = "Mount"; Value = "Surface Mount"; VariantName = "[No Variations]"
Add component (AddParameter): Name = "Mounting Type"; Value = ""; VariantName = "[No Variations]"
Add component (AddParameter): Name = "Multilayer"; Value = "Yes"; VariantName = "[No Variations]"
Add component (AddParameter): Name = "Negative Tolerance"; Value = "10%"; VariantName = "[No Variations]"
Add component (AddParameter): Name = "Number of Terminations"; Value = ""; VariantName = "[No Variations]"
Add component (AddParameter): Name = "Operating Temperature"; Value = ""; VariantName = "[No Variations]"
Add component (AddParameter): Name = "Package / Case"; Value = ""; VariantName = "[No Variations]"
Add component (AddParameter): Name = "Package Height"; Value = ""; VariantName = "[No Variations]"
Add component (AddParameter): Name = "Package Length"; Value = ""; VariantName = "[No Variations]"
Add component (AddParameter): Name = "Package Shape"; Value = "Rectangular"; VariantName = "[No Variations]"
Add component (AddParameter): Name = "Package Style"; Value = "SMTMeter"; VariantName = "[No Variations]"
Add component (AddParameter): Name = "Package Width"; Value = ""; VariantName = "[No Variations]"
Add component (AddParameter): Name = "Packaging"; Value = "Tape and Reel"; VariantName = "[No Variations]"
Add component (AddParameter): Name = "Part Number"; Value = ""; VariantName = "[No Variations]"
Add component (AddParameter): Name = "Part Status"; Value = ""; VariantName = "[No Variations]"
Add component (AddParameter): Name = "PartId"; Value = ""; VariantName = "[No Variations]"
Add component (AddParameter): Name = "Pins"; Value = "2"; VariantName = "[No Variations]"
Add component (AddParameter): Name = "Positive Tolerance"; Value = "10%"; VariantName = "[No Variations]"
Add component (AddParameter): Name = "Power (Watts)"; Value = ""; VariantName = "[No Variations]"
Add component (AddParameter): Name = "Price"; Value = ""; VariantName = "[No Variations]"
Add component (AddParameter): Name = "Pricing 1"; Value = "1=0.18000, 10=0.08400, 50=0.08400, 100=0.03800, 1000=0.02100, 10000=0.01600 (USD)"; VariantName = "[No Variations]"
Add component (AddParameter): Name = "Pricing 2"; Value = ""; VariantName = "[No Variations]"
Add component (AddParameter): Name = "Pricing 3"; Value = ""; VariantName = "[No Variations]"
Add component (AddParameter): Name = "Rated DC Voltage (URdc)"; Value = "25V"; VariantName = "[No Variations]"
Add component (AddParameter): Name = "Rated Power Dissipation (P)"; Value = ""; VariantName = "[No Variations]"
Add component (AddParameter): Name = "Rated Temperature"; Value = ""; VariantName = "[No Variations]"
Add component (AddParameter): Name = "Ratings"; Value = ""; VariantName = "[No Variations]"
Add component (AddParameter): Name = "REACH SVHC"; Value = "Yes"; VariantName = "[No Variations]"
Add component (AddParameter): Name = "Reach SVHC Compliant"; Value = ""; VariantName = "[No Variations]"
Add component (AddParameter): Name = "Reference Standard"; Value = ""; VariantName = "[No Variations]"
Add component (AddParameter): Name = "Resistance"; Value = ""; VariantName = "[No Variations]"
Add component (AddParameter): Name = "Resistor Type"; Value = ""; VariantName = "[No Variations]"
Add component (AddParameter): Name = "RoHS"; Value = "Yes"; VariantName = "[No Variations]"
Add component (AddParameter): Name = "RoHS Compliant"; Value = "Yes"; VariantName = "[No Variations]"
Add component (AddParameter): Name = "Series"; Value = ""; VariantName = "[No Variations]"
Add component (AddParameter): Name = "Size / Dimension"; Value = ""; VariantName = "[No Variations]"
Add component (AddParameter): Name = "Size Code"; Value = "0402"; VariantName = "[No Variations]"
Add component (AddParameter): Name = "Source"; Value = "schuluka.SchLib"; VariantName = "[No Variations]"
Add component (AddParameter): Name = "Stock 1"; Value = "645001"; VariantName = "[No Variations]"
Add component (AddParameter): Name = "Stock 2"; Value = ""; VariantName = "[No Variations]"
Add component (AddParameter): Name = "Stock 3"; Value = ""; VariantName = "[No Variations]"
Add component (AddParameter): Name = "Supplier Device Package"; Value = ""; VariantName = "[No Variations]"
Add component (AddParameter): Name = "Technology"; Value = ""; VariantName = "[No Variations]"
Add component (AddParameter): Name = "Temperature Characteristics Code"; Value = "X5R"; VariantName = "[No Variations]"
Add component (AddParameter): Name = "Temperature Coefficient"; Value = ""; VariantName = "[No Variations]"
Add component (AddParameter): Name = "Terminal Finish"; Value = "Nickel"; VariantName = "[No Variations]"
Add component (AddParameter): Name = "Termination"; Value = "Wraparound"; VariantName = "[No Variations]"
Add component (AddParameter): Name = "Thickness"; Value = "0.015inch"; VariantName = "[No Variations]"
Add component (AddParameter): Name = "Thickness (Max)"; Value = ""; VariantName = "[No Variations]"
Add component (AddParameter): Name = "Tolerance"; Value = "20%"; VariantName = "[No Variations]"
Add component (AddParameter): Name = "Value"; Value = "10nF"; VariantName = "[No Variations]"
Add component (AddParameter): Name = "Voltage - Rated"; Value = ""; VariantName = "[No Variations]"
Add component (AddParameter): Name = "Voltage Rating"; Value = "10V"; VariantName = "[No Variations]"
Add component (AddParameter): Name = "Voltage Rating (DC)"; Value = "10V"; VariantName = "[No Variations]"
Add component (AddParameter): Name = "Width"; Value = "0.012inch"; VariantName = "[No Variations]"
Add component (AddParameter): Name = "Working Voltage"; Value = ""; VariantName = "[No Variations]"
Added Component: Designator=C?(CAP0402)
Add component (AddParameter): Name = "Applications"; Value = ""; VariantName = "[No Variations]"
Add component (AddParameter): Name = "Capacitor Type"; Value = "Ceramic"; VariantName = "[No Variations]"
Add component (AddParameter): Name = "Case Code (Metric)"; Value = "0603"; VariantName = "[No Variations]"
Add component (AddParameter): Name = "Case/Package"; Value = "0201"; VariantName = "[No Variations]"
Add component (AddParameter): Name = "Category"; Value = "Ceramic Capacitors"; VariantName = "[No Variations]"
Add component (AddParameter): Name = "ComponentLink1Description"; Value = "http://search.murata.co.jp/Ceramy/image/img/A01X/G101/ENG/GRM033R61A105ME15-01.pdf?src-supplier=Digi-Key"; VariantName = "[No Variations]"
Add component (AddParameter): Name = "ComponentLink1URL"; Value = "http://search.murata.co.jp/Ceramy/image/img/A01X/G101/ENG/GRM033R61A105ME15-01.pdf?src-supplier=Digi-Key"; VariantName = "[No Variations]"
Add component (AddParameter): Name = "ComponentLink2Description"; Value = "https://datasheet.ciiva.com:443/pdfs/VipMasterIC/IC/MURE/MURE-S-A0004362469/MURE-S-A0004364524-1.pdf?src-supplier=IHS+Markit"; VariantName = "[No Variations]"
Add component (AddParameter): Name = "ComponentLink2URL"; Value = "https://datasheet.ciiva.com:443/pdfs/VipMasterIC/IC/MURE/MURE-S-A0004362469/MURE-S-A0004364524-1.pdf?src-supplier=IHS+Markit"; VariantName = "[No Variations]"
Add component (AddParameter): Name = "ComponentLink3Description"; Value = "http://search.murata.co.jp/Ceramy/image/img/A01X/G101/ENG/GRM155R61E105KA12-01.pdf?src-supplier=Digi-Key"; VariantName = "[No Variations]"
Add component (AddParameter): Name = "ComponentLink3URL"; Value = "http://search.murata.co.jp/Ceramy/image/img/A01X/G101/ENG/GRM155R61E105KA12-01.pdf?src-supplier=Digi-Key"; VariantName = "[No Variations]"
Add component (AddParameter): Name = "Composition"; Value = ""; VariantName = "[No Variations]"
Add component (AddParameter): Name = "Construction"; Value = ""; VariantName = "[No Variations]"
Add component (AddParameter): Name = "Design Item ID"; Value = "C_GRM155R61E105KA12J"; VariantName = "[No Variations]"
Add component (AddParameter): Name = "Device Package"; Value = ""; VariantName = "[No Variations]"
Add component (AddParameter): Name = "Dielectric"; Value = "X5R"; VariantName = "[No Variations]"
Add component (AddParameter): Name = "Dielectric Material"; Value = "Ceramic"; VariantName = "[No Variations]"
Add component (AddParameter): Name = "Features"; Value = ""; VariantName = "[No Variations]"
Add component (AddParameter): Name = "Height"; Value = "0.5mm"; VariantName = "[No Variations]"
Add component (AddParameter): Name = "Height - Seated (Max)"; Value = ""; VariantName = "[No Variations]"
Add component (AddParameter): Name = "JESD-609 Code"; Value = "e3"; VariantName = "[No Variations]"
Add component (AddParameter): Name = "LastUpdated"; Value = ""; VariantName = "[No Variations]"
Add component (AddParameter): Name = "Length"; Value = "0.024inch"; VariantName = "[No Variations]"
Add component (AddParameter): Name = "Lifecycle Status"; Value = ""; VariantName = "[No Variations]"
Add component (AddParameter): Name = "Manufacturer"; Value = "Murata"; VariantName = "[No Variations]"
Add component (AddParameter): Name = "Manufacturer Part Number"; Value = "GRM033R61A105ME15D"; VariantName = "[No Variations]"
Add component (AddParameter): Name = "Max Operating Temperature"; Value = "85°C"; VariantName = "[No Variations]"
Add component (AddParameter): Name = "Min Operating Temperature"; Value = "-55°C"; VariantName = "[No Variations]"
Add component (AddParameter): Name = "Minimum Order"; Value = ""; VariantName = "[No Variations]"
Add component (AddParameter): Name = "Mount"; Value = "Surface Mount"; VariantName = "[No Variations]"
Add component (AddParameter): Name = "Mounting Type"; Value = ""; VariantName = "[No Variations]"
Add component (AddParameter): Name = "Multilayer"; Value = "Yes"; VariantName = "[No Variations]"
Add component (AddParameter): Name = "Negative Tolerance"; Value = "10%"; VariantName = "[No Variations]"
Add component (AddParameter): Name = "Number of Terminations"; Value = ""; VariantName = "[No Variations]"
Add component (AddParameter): Name = "Operating Temperature"; Value = ""; VariantName = "[No Variations]"
Add component (AddParameter): Name = "Package / Case"; Value = ""; VariantName = "[No Variations]"
Add component (AddParameter): Name = "Package Height"; Value = ""; VariantName = "[No Variations]"
Add component (AddParameter): Name = "Package Length"; Value = ""; VariantName = "[No Variations]"
Add component (AddParameter): Name = "Package Shape"; Value = "Rectangular"; VariantName = "[No Variations]"
Add component (AddParameter): Name = "Package Style"; Value = "SMTMeter"; VariantName = "[No Variations]"
Add component (AddParameter): Name = "Package Width"; Value = ""; VariantName = "[No Variations]"
Add component (AddParameter): Name = "Packaging"; Value = "Tape and Reel"; VariantName = "[No Variations]"
Add component (AddParameter): Name = "Part Number"; Value = ""; VariantName = "[No Variations]"
Add component (AddParameter): Name = "Part Status"; Value = ""; VariantName = "[No Variations]"
Add component (AddParameter): Name = "PartId"; Value = ""; VariantName = "[No Variations]"
Add component (AddParameter): Name = "Pins"; Value = "2"; VariantName = "[No Variations]"
Add component (AddParameter): Name = "Positive Tolerance"; Value = "10%"; VariantName = "[No Variations]"
Add component (AddParameter): Name = "Power (Watts)"; Value = ""; VariantName = "[No Variations]"
Add component (AddParameter): Name = "Price"; Value = ""; VariantName = "[No Variations]"
Add component (AddParameter): Name = "Pricing 1"; Value = "1=0.18000, 10=0.08400, 50=0.08400, 100=0.03800, 1000=0.02100, 10000=0.01600 (USD)"; VariantName = "[No Variations]"
Add component (AddParameter): Name = "Pricing 2"; Value = ""; VariantName = "[No Variations]"
Add component (AddParameter): Name = "Pricing 3"; Value = ""; VariantName = "[No Variations]"
Add component (AddParameter): Name = "Rated DC Voltage (URdc)"; Value = "25V"; VariantName = "[No Variations]"
Add component (AddParameter): Name = "Rated Power Dissipation (P)"; Value = ""; VariantName = "[No Variations]"
Add component (AddParameter): Name = "Rated Temperature"; Value = ""; VariantName = "[No Variations]"
Add component (AddParameter): Name = "Ratings"; Value = ""; VariantName = "[No Variations]"
Add component (AddParameter): Name = "REACH SVHC"; Value = "Yes"; VariantName = "[No Variations]"
Add component (AddParameter): Name = "Reach SVHC Compliant"; Value = ""; VariantName = "[No Variations]"
Add component (AddParameter): Name = "Reference Standard"; Value = ""; VariantName = "[No Variations]"
Add component (AddParameter): Name = "Resistance"; Value = ""; VariantName = "[No Variations]"
Add component (AddParameter): Name = "Resistor Type"; Value = ""; VariantName = "[No Variations]"
Add component (AddParameter): Name = "RoHS"; Value = "Yes"; VariantName = "[No Variations]"
Add component (AddParameter): Name = "RoHS Compliant"; Value = "Yes"; VariantName = "[No Variations]"
Add component (AddParameter): Name = "Series"; Value = ""; VariantName = "[No Variations]"
Add component (AddParameter): Name = "Size / Dimension"; Value = ""; VariantName = "[No Variations]"
Add component (AddParameter): Name = "Size Code"; Value = "0402"; VariantName = "[No Variations]"
Add component (AddParameter): Name = "Source"; Value = "schuluka.SchLib"; VariantName = "[No Variations]"
Add component (AddParameter): Name = "Stock 1"; Value = "645001"; VariantName = "[No Variations]"
Add component (AddParameter): Name = "Stock 2"; Value = ""; VariantName = "[No Variations]"
Add component (AddParameter): Name = "Stock 3"; Value = ""; VariantName = "[No Variations]"
Add component (AddParameter): Name = "Supplier Device Package"; Value = ""; VariantName = "[No Variations]"
Add component (AddParameter): Name = "Technology"; Value = ""; VariantName = "[No Variations]"
Add component (AddParameter): Name = "Temperature Characteristics Code"; Value = "X5R"; VariantName = "[No Variations]"
Add component (AddParameter): Name = "Temperature Coefficient"; Value = ""; VariantName = "[No Variations]"
Add component (AddParameter): Name = "Terminal Finish"; Value = "Nickel"; VariantName = "[No Variations]"
Add component (AddParameter): Name = "Termination"; Value = "Wraparound"; VariantName = "[No Variations]"
Add component (AddParameter): Name = "Thickness"; Value = "0.015inch"; VariantName = "[No Variations]"
Add component (AddParameter): Name = "Thickness (Max)"; Value = ""; VariantName = "[No Variations]"
Add component (AddParameter): Name = "Tolerance"; Value = "20%"; VariantName = "[No Variations]"
Add component (AddParameter): Name = "Value"; Value = "1µF"; VariantName = "[No Variations]"
Add component (AddParameter): Name = "Voltage - Rated"; Value = ""; VariantName = "[No Variations]"
Add component (AddParameter): Name = "Voltage Rating"; Value = "10V"; VariantName = "[No Variations]"
Add component (AddParameter): Name = "Voltage Rating (DC)"; Value = "10V"; VariantName = "[No Variations]"
Add component (AddParameter): Name = "Width"; Value = "0.012inch"; VariantName = "[No Variations]"
Add component (AddParameter): Name = "Working Voltage"; Value = ""; VariantName = "[No Variations]"
Add Component: Footprint Not Found SB2_0402_CLOSE
Add Component: Footprint Not Found KC2016Z_AVX
Added Pin To Net: NetName=1V8_F Pin=C1_D-1
Added Pin To Net: NetName=1V8_F Pin=C2_D-1
Added Pin To Net: NetName=3V3 Pin=C5_D-1
Added Pin To Net: NetName=3V3 Pin=C5_F-1
Added Pin To Net: NetName=3V3 Pin=C6_D-2
Added Pin To Net: NetName=3V3 Pin=C6_F-2
Added Pin To Net: NetName=1V8_F Pin=C9_D-2
Added Pin To Net: NetName=1V8_F Pin=C16_D-2
Added Pin To Net: NetName=1V8_F Pin=C19_D-2
Added Pin To Net: NetName=1V8_F Pin=C34-2
Added Pin To Net: NetName=GND Pin=C?-1
Added Pin To Net: NetName=GND Pin=C?-1
Added Pin To Net: NetName=1V8_F Pin=C?-2
Added Pin To Net: NetName=1V8_F Pin=C?-2
Added Pin To Net: NetName=SCL Pin=IC1-60
Added Pin To Net: NetName=SDA Pin=IC1-61
Added Pin To Net: NetName=3V3 Pin=L1_D-1
Added Pin To Net: NetName=3V3 Pin=L1_F-1
Added Pin To Net: NetName=1V8_F Pin=L2_D-1
Added Pin To Net: NetName=1V8_F Pin=L3_D-1
Added Pin To Net: NetName=1V8_F Pin=L4_D-1
Added Pin To Net: NetName=1V8_F Pin=L5_D-1
Added Pin To Net: NetName=1V8_F Pin=L6_D-1
Added Pin To Net: NetName=1V8_F Pin=R1_D-2
Added Pin To Net: NetName=1V8_F Pin=R1_F-2
Added Pin To Net: NetName=1V8_F Pin=R2_D-2
Added Pin To Net: NetName=1V8_F Pin=R2_F-2
Added Pin To Net: NetName=1V8_F Pin=R3_D-2
Added Pin To Net: NetName=1V8_F Pin=R3_F-2
Added Pin To Net: NetName=1V8_F Pin=R4_D-2
Added Pin To Net: NetName=1V8_F Pin=R4_F-2
Added Pin To Net: NetName=1V8_F Pin=R5_D-2
Added Pin To Net: NetName=1V8_F Pin=R5_F-2
Added Pin To Net: NetName=1V8_F Pin=SB2-1
Add Pin To Net: Unknown Pin: Pin SB?-2
Added Pin To Net: NetName=1V8_F Pin=U2_D-A3
Added Pin To Net: NetName=1V8_F Pin=U2_D-B7
Added Pin To Net: NetName=3V3 Pin=U2_D-C4
Added Pin To Net: NetName=3V3 Pin=U2_F-C4
Added Pin To Net: NetName=1V8_F Pin=U6-15
Add Pin To Net: Unknown Pin: Pin Y?-2
Add Pin To Net: Unknown Pin: Pin Y?-4
Change Net Name : Old Net Name=1V8_F New Net Name=1V8
Add Net: Net with name "3V3" already exists
Added Pin To Net: NetName=\R\S\T\ Pin=IC1-7
Added Pin To Net: NetName=\R\S\T\ Pin=U6-12
Added Net: Name=\R\S\T\
Add Net: Net with name "GND" already exists
Added Pin To Net: NetName=NetIC1_42 Pin=IC1-42
Added Net: Name=NetIC1_42
Added Net: Name=NetSB?_1
Added Pin To Net: NetName=OSC_CLK Pin=U1_D-M4
Added Pin To Net: NetName=OSC_CLK Pin=U1_F-M4
Added Net: Name=OSC_CLK
Added Member To Class: ClassName=RadToF Member=Component C? C_GRM155R61E105KA12J
Added Member To Class: ClassName=RadToF Member=Component C? C_GRM155R61E105KA12J
Add Class Member: Failed to add class member : Component SB? SB2_0402_close
Add Class Member: Failed to add class member : Component Y? KC2016Z40.0000C1KX00
